<?xml version="1.0" encoding="UTF-8"?>
<!-- Generated by org.testng.reporters.JUnitXMLReporter -->
<testsuite ignored="0" hostname="Manish-Tambe" failures="1" tests="2" name="Test" time="25.808" errors="0" timestamp="2023-06-08T15:09:38 IST">
  <testcase classname="tests.One" name="testOnChrome" time="4.648"/>
  <testcase classname="tests.Two" name="testOnFireFox" time="5.477">
    <failure type="org.openqa.selenium.ElementClickInterceptedException" message="Element &amp;lt;input class=&amp;quot;gNO89b&amp;quot; name=&amp;quot;btnK&amp;quot; type=&amp;quot;submit&amp;quot;&amp;gt; is not clickable at point (882,471) because another element &amp;lt;span&amp;gt; obscures it
Build info: version: &amp;apos;4.7.2&amp;apos;, revision: &amp;apos;4d4020c3b7&amp;apos;
System info: os.name: &amp;apos;Windows 10&amp;apos;, os.arch: &amp;apos;amd64&amp;apos;, os.version: &amp;apos;10.0&amp;apos;, java.version: &amp;apos;17.0.7&amp;apos;
Driver info: org.openqa.selenium.remote.RemoteWebDriver
Command: [32e4ac5c-3251-4ab4-b43d-2b2bb5f5d2f8, clickElement {id=2bc9772d-dfaf-4bb5-9948-561e35aeb59f}]
Capabilities {acceptInsecureCerts: false, browserName: firefox, browserVersion: 77.0.1, moz:accessibilityChecks: false, moz:buildID: 20200602222727, moz:geckodriverVersion: 0.26.0, moz:headless: false, moz:processID: 87, moz:profile: /tmp/rust_mozprofileF60tfG, moz:shutdownTimeout: 60000, moz:useNonSpecCompliantPointerOrigin: false, moz:webdriverClick: true, pageLoadStrategy: normal, platformName: LINUX, platformVersion: 5.15.90.1-microsoft-standar..., rotatable: false, setWindowRect: true, strictFileInteractability: false, timeouts: {implicit: 0, pageLoad: 300000, script: 30000}, unhandledPromptBehavior: dismiss and notify}
Element: [[RemoteWebDriver: firefox on LINUX (32e4ac5c-3251-4ab4-b43d-2b2bb5f5d2f8)] -&amp;gt; xpath: /html/body/div[1]/div[3]/form/div[1]/div[1]/div[4]/center/input[1]]
Session ID: 32e4ac5c-3251-4ab4-b43d-2b2bb5f5d2f8">
      <![CDATA[org.openqa.selenium.ElementClickInterceptedException: Element <input class="gNO89b" name="btnK" type="submit"> is not clickable at point (882,471) because another element <span> obscures it
Build info: version: '4.7.2', revision: '4d4020c3b7'
System info: os.name: 'Windows 10', os.arch: 'amd64', os.version: '10.0', java.version: '17.0.7'
Driver info: org.openqa.selenium.remote.RemoteWebDriver
Command: [32e4ac5c-3251-4ab4-b43d-2b2bb5f5d2f8, clickElement {id=2bc9772d-dfaf-4bb5-9948-561e35aeb59f}]
Capabilities {acceptInsecureCerts: false, browserName: firefox, browserVersion: 77.0.1, moz:accessibilityChecks: false, moz:buildID: 20200602222727, moz:geckodriverVersion: 0.26.0, moz:headless: false, moz:processID: 87, moz:profile: /tmp/rust_mozprofileF60tfG, moz:shutdownTimeout: 60000, moz:useNonSpecCompliantPointerOrigin: false, moz:webdriverClick: true, pageLoadStrategy: normal, platformName: LINUX, platformVersion: 5.15.90.1-microsoft-standar..., rotatable: false, setWindowRect: true, strictFileInteractability: false, timeouts: {implicit: 0, pageLoad: 300000, script: 30000}, unhandledPromptBehavior: dismiss and notify}
Element: [[RemoteWebDriver: firefox on LINUX (32e4ac5c-3251-4ab4-b43d-2b2bb5f5d2f8)] -> xpath: /html/body/div[1]/div[3]/form/div[1]/div[1]/div[4]/center/input[1]]
Session ID: 32e4ac5c-3251-4ab4-b43d-2b2bb5f5d2f8
at org.openqa.selenium.remote.codec.w3c.W3CHttpResponseCodec.createException(W3CHttpResponseCodec.java:200)
at org.openqa.selenium.remote.codec.w3c.W3CHttpResponseCodec.decode(W3CHttpResponseCodec.java:133)
at org.openqa.selenium.remote.codec.w3c.W3CHttpResponseCodec.decode(W3CHttpResponseCodec.java:53)
at org.openqa.selenium.remote.HttpCommandExecutor.execute(HttpCommandExecutor.java:184)
at org.openqa.selenium.remote.TracedCommandExecutor.execute(TracedCommandExecutor.java:51)
at org.openqa.selenium.remote.RemoteWebDriver.execute(RemoteWebDriver.java:535)
at org.openqa.selenium.remote.RemoteWebElement.execute(RemoteWebElement.java:257)
at org.openqa.selenium.remote.RemoteWebElement.click(RemoteWebElement.java:78)
at tests.Two.testOnFireFox(Two.java:26)
at java.base/java.util.concurrent.ThreadPoolExecutor.runWorker(ThreadPoolExecutor.java:1136)
at java.base/java.util.concurrent.ThreadPoolExecutor$Worker.run(ThreadPoolExecutor.java:635)
at java.base/java.lang.Thread.run(Thread.java:833)
... Removed 17 stack frames]]>
    </failure>
  </testcase> <!-- testOnFireFox -->
</testsuite> <!-- Test -->
