<?xml version="1.0" encoding="UTF-8"?>
<testng-results ignored="0" total="2" passed="2" failed="0" skipped="0">
  <reporter-output>
  </reporter-output>
  <suite started-at="2023-06-07T18:50:45 IST" name="Suite" finished-at="2023-06-07T18:51:00 IST" duration-ms="15174">
    <groups>
    </groups>
    <test started-at="2023-06-07T18:50:45 IST" name="Test" finished-at="2023-06-07T18:51:00 IST" duration-ms="15174">
      <class name="tests.One">
        <test-method is-config="true" signature="setup()[pri:0, instance:tests.One@2ef3eef9]" started-at="2023-06-07T18:50:45 IST" name="setup" finished-at="2023-06-07T18:50:49 IST" duration-ms="3807" status="PASS">
          <reporter-output>
          </reporter-output>
        </test-method> <!-- setup -->
        <test-method signature="testOnChrome()[pri:0, instance:tests.One@2ef3eef9]" started-at="2023-06-07T18:50:49 IST" name="testOnChrome" finished-at="2023-06-07T18:50:52 IST" duration-ms="3473" status="PASS">
          <reporter-output>
          </reporter-output>
        </test-method> <!-- testOnChrome -->
        <test-method is-config="true" signature="tearDown()[pri:0, instance:tests.One@2ef3eef9]" started-at="2023-06-07T18:50:52 IST" name="tearDown" finished-at="2023-06-07T18:50:52 IST" duration-ms="64" status="PASS">
          <reporter-output>
          </reporter-output>
        </test-method> <!-- tearDown -->
      </class> <!-- tests.One -->
      <class name="tests.Two">
        <test-method is-config="true" signature="setup()[pri:0, instance:tests.Two@661972b0]" started-at="2023-06-07T18:50:45 IST" name="setup" finished-at="2023-06-07T18:50:52 IST" duration-ms="7233" status="PASS">
          <reporter-output>
          </reporter-output>
        </test-method> <!-- setup -->
        <test-method signature="testOnFireFox()[pri:0, instance:tests.Two@661972b0]" started-at="2023-06-07T18:50:52 IST" name="testOnFireFox" finished-at="2023-06-07T18:50:57 IST" duration-ms="5083" status="PASS">
          <reporter-output>
          </reporter-output>
        </test-method> <!-- testOnFireFox -->
        <test-method is-config="true" signature="tearDown()[pri:0, instance:tests.Two@661972b0]" started-at="2023-06-07T18:50:57 IST" name="tearDown" finished-at="2023-06-07T18:51:00 IST" duration-ms="2801" status="PASS">
          <reporter-output>
          </reporter-output>
        </test-method> <!-- tearDown -->
      </class> <!-- tests.Two -->
    </test> <!-- Test -->
  </suite> <!-- Suite -->
</testng-results>
